0 info it worked if it ends with ok
1 verbose cli [ '/usr/local/bin/node', '/usr/bin/npm', 'run', 'serve' ]
2 info using npm@3.10.3
3 info using node@v8.1.2
4 verbose run-script [ 'preserve', 'serve', 'postserve' ]
5 info lifecycle seckill@1.0.0~preserve: seckill@1.0.0
6 silly lifecycle seckill@1.0.0~preserve: no script for preserve, continuing
7 info lifecycle seckill@1.0.0~serve: seckill@1.0.0
8 verbose lifecycle seckill@1.0.0~serve: unsafe-perm in lifecycle true
9 verbose lifecycle seckill@1.0.0~serve: PATH: /usr/lib/node_modules/npm/bin/node-gyp-bin:/home/www/seckill/node_modules/.bin:/usr/local/bin:/usr/local/sbin:/usr/local/bin:/usr/sbin:/usr/bin:/sbin:/bin:/usr/games:/usr/local/games:/root/bin
10 verbose lifecycle seckill@1.0.0~serve: CWD: /home/www/seckill
11 silly lifecycle seckill@1.0.0~serve: Args: [ '-c', 'node build/index.js' ]
12 silly lifecycle seckill@1.0.0~serve: Returned: code: 1  signal: null
13 info lifecycle seckill@1.0.0~serve: Failed to exec serve script
14 verbose stack Error: seckill@1.0.0 serve: `node build/index.js`
14 verbose stack Exit status 1
14 verbose stack     at EventEmitter.<anonymous> (/usr/lib/node_modules/npm/lib/utils/lifecycle.js:242:16)
14 verbose stack     at emitTwo (events.js:125:13)
14 verbose stack     at EventEmitter.emit (events.js:213:7)
14 verbose stack     at ChildProcess.<anonymous> (/usr/lib/node_modules/npm/lib/utils/spawn.js:40:14)
14 verbose stack     at emitTwo (events.js:125:13)
14 verbose stack     at ChildProcess.emit (events.js:213:7)
14 verbose stack     at maybeClose (internal/child_process.js:897:16)
14 verbose stack     at Process.ChildProcess._handle.onexit (internal/child_process.js:208:5)
15 verbose pkgid seckill@1.0.0
16 verbose cwd /home/www/seckill
17 error Linux 3.13.0-32-generic
18 error argv "/usr/local/bin/node" "/usr/bin/npm" "run" "serve"
19 error node v8.1.2
20 error npm  v3.10.3
21 error code ELIFECYCLE
22 error seckill@1.0.0 serve: `node build/index.js`
22 error Exit status 1
23 error Failed at the seckill@1.0.0 serve script 'node build/index.js'.
23 error Make sure you have the latest version of node.js and npm installed.
23 error If you do, this is most likely a problem with the seckill package,
23 error not with npm itself.
23 error Tell the author that this fails on your system:
23 error     node build/index.js
23 error You can get information on how to open an issue for this project with:
23 error     npm bugs seckill
23 error Or if that isn't available, you can get their info via:
23 error     npm owner ls seckill
23 error There is likely additional logging output above.
24 verbose exit [ 1, true ]
